<?xml version="1.0" encoding="UTF-8"?>
<testng-results ignored="0" total="1" passed="1" failed="0" skipped="0">
  <reporter-output>
  </reporter-output>
  <suite started-at="2023-09-04T06:53:54 IST" name="Default suite" finished-at="2023-09-04T06:53:54 IST" duration-ms="112">
    <groups>
    </groups>
    <test started-at="2023-09-04T06:53:54 IST" name="Default test" finished-at="2023-09-04T06:53:54 IST" duration-ms="112">
      <class name="seleniumwebtesting.Annotation">
        <test-method is-config="true" signature="launchbrowser()[pri:0, instance:seleniumwebtesting.Annotation@76505305]" started-at="2023-09-04T06:53:54 IST" name="launchbrowser" finished-at="2023-09-04T06:53:54 IST" duration-ms="26" status="PASS">
          <reporter-output>
          </reporter-output>
        </test-method> <!-- launchbrowser -->
        <test-method is-config="true" signature="passurl()[pri:0, instance:seleniumwebtesting.Annotation@76505305]" started-at="2023-09-04T06:53:54 IST" name="passurl" finished-at="2023-09-04T06:53:54 IST" duration-ms="1" status="PASS">
          <reporter-output>
          </reporter-output>
        </test-method> <!-- passurl -->
        <test-method is-config="true" signature="dbconnection()[pri:0, instance:seleniumwebtesting.Annotation@76505305]" started-at="2023-09-04T06:53:54 IST" name="dbconnection" finished-at="2023-09-04T06:53:54 IST" duration-ms="1" status="PASS">
          <reporter-output>
          </reporter-output>
        </test-method> <!-- dbconnection -->
        <test-method is-config="true" signature="getusernameandpassword()[pri:0, instance:seleniumwebtesting.Annotation@76505305]" started-at="2023-09-04T06:53:54 IST" name="getusernameandpassword" finished-at="2023-09-04T06:53:54 IST" duration-ms="1" status="PASS">
          <reporter-output>
          </reporter-output>
        </test-method> <!-- getusernameandpassword -->
        <test-method signature="dologin()[pri:0, instance:seleniumwebtesting.Annotation@76505305]" started-at="2023-09-04T06:53:54 IST" name="dologin" finished-at="2023-09-04T06:53:54 IST" duration-ms="16" status="PASS">
          <reporter-output>
          </reporter-output>
        </test-method> <!-- dologin -->
      </class> <!-- seleniumwebtesting.Annotation -->
    </test> <!-- Default test -->
  </suite> <!-- Default suite -->
</testng-results>
